#
# A fatal error has been detected by the Java Runtime Environment:
#
#  EXCEPTION_ACCESS_VIOLATION (0xc0000005) at pc=0x000000005ff8f4a5, pid=19836, tid=0x0000000000001114
#
# JRE version: Java(TM) SE Runtime Environment (8.0_201-b09) (build 1.8.0_201-b09)
# Java VM: Java HotSpot(TM) 64-Bit Server VM (25.201-b09 mixed mode windows-amd64 compressed oops)
# Problematic frame:
# V  [jvm.dll+0xff4a5]
#
# Failed to write core dump. Minidumps are not enabled by default on client versions of Windows
#
# If you would like to submit a bug report, please visit:
#   http://bugreport.java.com/bugreport/crash.jsp
#

---------------  T H R E A D  ---------------

Current thread (0x000000001bb17800):  VMThread [stack: 0x000000001cba0000,0x000000001cca0000] [id=4372]

siginfo: ExceptionCode=0xc0000005, reading address 0x0000000000000008

Registers:
RAX=0x0000000000000000, RBX=0x000000001b641b18, RCX=0x0000000000000000, RDX=0x0000000000000000
RSP=0x000000001cc9ef30, RBP=0x0000000000000053, RSI=0x00000000606a4dd0, RDI=0x000000001cc9f210
R8 =0x0000000000000000, R9 =0x000000001b641b18, R10=0x000000000000b759, R11=0x000000001b72663b
R12=0x0000000000000000, R13=0x0000000000000000, R14=0x00000000000003d8, R15=0x000000001cc9f030
RIP=0x000000005ff8f4a5, EFLAGS=0x0000000000010202

Top of Stack: (sp=0x000000001cc9ef30)
0x000000001cc9ef30:   000000001cc9f210 00000000025708da
0x000000001cc9ef40:   0000000000000022 000000005ff901f9
0x000000001cc9ef50:   000000004fffffff 0000000000000000
0x000000001cc9ef60:   000000001cc9f210 000000005ff8e635
0x000000001cc9ef70:   000002c17f90b8bc 000000005ff8faa2
0x000000001cc9ef80:   000000001cc9f040 000000001ba254c0
0x000000001cc9ef90:   000000001cc9f050 000000001cc9f210
0x000000001cc9efa0:   000000001cc9f080 000000005ff9273f
0x000000001cc9efb0:   0000000000000053 0000000000000053
0x000000001cc9efc0:   000000001cc9f030 000000001cc9f040
0x000000001cc9efd0:   0000000000000053 0000000000000083
0x000000001cc9efe0:   000000001cc9f040 0000000000000083
0x000000001cc9eff0:   000000001b726758 000000005ff9322f
0x000000001cc9f000:   000000001cc9f210 000000001cc9f080
0x000000001cc9f010:   000000001ba254c0 000000001ba25560
0x000000001cc9f020:   0000000000000006 0000000000000000 

Instructions: (pc=0x000000005ff8f4a5)
0x000000005ff8f485:   8b d2 e8 54 7f ff ff 48 8b cb 8b d0 e8 5a 78 ff
0x000000005ff8f495:   ff 48 8d 35 33 59 71 00 48 63 c8 48 8b 44 cb 50
0x000000005ff8f4a5:   0f b6 48 08 8b 05 05 59 71 00 80 f9 4c 74 2b 80
0x000000005ff8f4b5:   f9 5b 74 26 80 f9 4a 74 18 80 f9 44 74 13 48 8d 


Register to memory mapping:

RAX=0x0000000000000000 is an unknown value
RBX=0x000000001b641b18 is pointing into metadata
RCX=0x0000000000000000 is an unknown value
RDX=0x0000000000000000 is an unknown value
RSP=0x000000001cc9ef30 is an unknown value
RBP=0x0000000000000053 is an unknown value
RSI=0x00000000606a4dd0 is an unknown value
RDI=0x000000001cc9f210 is an unknown value
R8 =0x0000000000000000 is an unknown value
R9 =0x000000001b641b18 is pointing into metadata
R10=0x000000000000b759 is an unknown value
R11=0x000000001b72663b is pointing into metadata
R12=0x0000000000000000 is an unknown value
R13=0x0000000000000000 is an unknown value
R14=0x00000000000003d8 is an unknown value
R15=0x000000001cc9f030 is an unknown value


Stack: [0x000000001cba0000,0x000000001cca0000],  sp=0x000000001cc9ef30,  free space=1019k
Native frames: (J=compiled Java code, j=interpreted, Vv=VM code, C=native code)
V  [jvm.dll+0xff4a5]
V  [jvm.dll+0x10273f]
V  [jvm.dll+0x10322f]
V  [jvm.dll+0x103a75]
V  [jvm.dll+0x103cc2]
V  [jvm.dll+0xc51ae]
V  [jvm.dll+0xc5838]
V  [jvm.dll+0xc596a]
V  [jvm.dll+0xc5b68]
V  [jvm.dll+0x10fb3a]
V  [jvm.dll+0x12d45f]
V  [jvm.dll+0x1bf61f]
V  [jvm.dll+0x24d407]
V  [jvm.dll+0x24c6a6]
V  [jvm.dll+0x24cb41]
V  [jvm.dll+0x24cd5e]
V  [jvm.dll+0x29fb6a]
C  [msvcr100.dll+0x21db7]
C  [msvcr100.dll+0x21e53]
C  [KERNEL32.DLL+0x14034]
C  [ntdll.dll+0x73691]

VM_Operation (0x000000001d5cf000): GetOrSetLocal, mode: safepoint, requested by thread 0x000000001bb66000


---------------  P R O C E S S  ---------------

Java Threads: ( => current thread )
  0x000000001e895800 JavaThread "Okio Watchdog" daemon [_thread_blocked, id=18992, stack(0x00000000208a0000,0x00000000209a0000)]
  0x000000001e891000 JavaThread "OkHttp ConnectionPool" daemon [_thread_blocked, id=10072, stack(0x00000000207a0000,0x00000000208a0000)]
  0x000000001ed50800 JavaThread "Exec Stream Pumper" daemon [_thread_in_native, id=25432, stack(0x00000000201a0000,0x00000000202a0000)]
  0x000000001ed4c000 JavaThread "Exec Stream Pumper" daemon [_thread_in_native, id=15020, stack(0x00000000200a0000,0x00000000201a0000)]
  0x000000001ed54800 JavaThread "Exec Default Executor" daemon [_thread_in_native, id=22168, stack(0x000000001fea0000,0x000000001ffa0000)]
  0x000000001e1b6800 JavaThread "ReaderThread" [_thread_in_native, id=6768, stack(0x000000001e9d0000,0x000000001ead0000)]
  0x000000001bbae800 JavaThread "Service Thread" daemon [_thread_blocked, id=3464, stack(0x000000001ded0000,0x000000001dfd0000)]
  0x000000001d9f8800 JavaThread "C1 CompilerThread2" daemon [_thread_blocked, id=14976, stack(0x000000001ddd0000,0x000000001ded0000)]
  0x000000001bb8b000 JavaThread "C2 CompilerThread1" daemon [_thread_blocked, id=23716, stack(0x000000001d8d0000,0x000000001d9d0000)]
  0x000000001bb88000 JavaThread "C2 CompilerThread0" daemon [_thread_blocked, id=21384, stack(0x000000001d7d0000,0x000000001d8d0000)]
  0x000000001bb7f000 JavaThread "JDWP Command Reader" daemon [_thread_in_native, id=19208, stack(0x000000001d6d0000,0x000000001d7d0000)]
  0x000000001bb71800 JavaThread "JDWP Event Helper Thread" daemon [_thread_blocked, id=20656, stack(0x000000001d5d0000,0x000000001d6d0000)]
  0x000000001bb66000 JavaThread "JDWP Transport Listener: dt_socket" daemon [_thread_blocked, id=24320, stack(0x000000001d4d0000,0x000000001d5d0000)]
  0x000000001bb59800 JavaThread "Attach Listener" daemon [_thread_blocked, id=19552, stack(0x000000001d090000,0x000000001d190000)]
  0x000000001bb58800 JavaThread "Signal Dispatcher" daemon [_thread_blocked, id=7212, stack(0x000000001cf90000,0x000000001d090000)]
  0x000000001bb3b000 JavaThread "Finalizer" daemon [_thread_blocked, id=20380, stack(0x000000001cda0000,0x000000001cea0000)]
  0x0000000002565000 JavaThread "Reference Handler" daemon [_thread_blocked, id=20312, stack(0x000000001cca0000,0x000000001cda0000)]
  0x0000000002475000 JavaThread "main" [_thread_blocked, id=24200, stack(0x0000000002370000,0x0000000002470000)]

Other Threads:
=>0x000000001bb17800 VMThread [stack: 0x000000001cba0000,0x000000001cca0000] [id=4372]
  0x000000001da43000 WatcherThread [stack: 0x000000001dfd0000,0x000000001e0d0000] [id=24072]

VM state:at safepoint (normal execution)

VM Mutex/Monitor currently owned by a thread:  ([mutex/lock_event])
[0x00000000024719d0] Threads_lock - owner thread: 0x000000001bb17800

heap address: 0x00000006c1a00000, size: 4070 MB, Compressed Oops mode: Zero based, Oop shift amount: 3
Narrow klass base: 0x0000000000000000, Narrow klass shift: 3
Compressed class space size: 1073741824 Address: 0x00000007c0000000

Heap:
 PSYoungGen      total 76288K, used 13097K [0x000000076b380000, 0x0000000770880000, 0x00000007c0000000)
  eden space 65536K, 4% used [0x000000076b380000,0x000000076b692690,0x000000076f380000)
  from space 10752K, 92% used [0x000000076f380000,0x000000076fd37f10,0x000000076fe00000)
  to   space 10752K, 0% used [0x000000076fe00000,0x000000076fe00000,0x0000000770880000)
 ParOldGen       total 175104K, used 88K [0x00000006c1a00000, 0x00000006cc500000, 0x000000076b380000)
  object space 175104K, 0% used [0x00000006c1a00000,0x00000006c1a16010,0x00000006cc500000)
 Metaspace       used 17128K, capacity 17862K, committed 17920K, reserved 1064960K
  class space    used 2095K, capacity 2297K, committed 2304K, reserved 1048576K

Card table byte_map: [0x0000000011930000,0x0000000012130000] byte_map_base: 0x000000000e323000

Marking Bits: (ParMarkBitMap*) 0x00000000606b4ce0
 Begin Bits: [0x0000000012a80000, 0x0000000016a18000)
 End Bits:   [0x0000000016a18000, 0x000000001a9b0000)

Polling page: 0x0000000002190000

CodeCache: size=245760Kb used=5463Kb max_used=5463Kb free=240296Kb
 bounds [0x0000000002570000, 0x0000000002ad0000, 0x0000000011570000]
 total_blobs=1954 nmethods=1544 adapters=330
 compilation: enabled

Compilation events (10 events):
Event: 36.558 Thread 0x000000001d9f8800 1542       3       java.util.zip.ZipFile$ZipFileInflaterInputStream::finalize (5 bytes)
Event: 36.559 Thread 0x000000001d9f8800 nmethod 1542 0x0000000002ac6f50 code [0x0000000002ac70c0, 0x0000000002ac7248]
Event: 36.559 Thread 0x000000001d9f8800 1539       1       org.testng.shaded.com.google.gson.reflect.TypeToken::hashCode (5 bytes)
Event: 36.559 Thread 0x000000001d9f8800 nmethod 1539 0x0000000002ac72d0 code [0x0000000002ac7420, 0x0000000002ac7530]
Event: 36.559 Thread 0x000000001d9f8800 1540       1       java.util.Collections$EmptyIterator::hasNext (2 bytes)
Event: 36.559 Thread 0x000000001d9f8800 nmethod 1540 0x0000000002ac7590 code [0x0000000002ac76e0, 0x0000000002ac77f0]
Event: 36.559 Thread 0x000000001d9f8800 1525       1       java.lang.Class::getAnnotationType (5 bytes)
Event: 36.559 Thread 0x000000001d9f8800 nmethod 1525 0x0000000002ac7850 code [0x0000000002ac79a0, 0x0000000002ac7ab0]
Event: 36.559 Thread 0x000000001d9f8800 1544       1       org.testng.internal.ConstructorOrMethod::getMethod (5 bytes)
Event: 36.559 Thread 0x000000001d9f8800 nmethod 1544 0x0000000002ac7b10 code [0x0000000002ac7c60, 0x0000000002ac7d70]

GC Heap History (2 events):
Event: 36.542 GC heap before
{Heap before GC invocations=1 (full 0):
 PSYoungGen      total 76288K, used 65536K [0x000000076b380000, 0x0000000770880000, 0x00000007c0000000)
  eden space 65536K, 100% used [0x000000076b380000,0x000000076f380000,0x000000076f380000)
  from space 10752K, 0% used [0x000000076fe00000,0x000000076fe00000,0x0000000770880000)
  to   space 10752K, 0% used [0x000000076f380000,0x000000076f380000,0x000000076fe00000)
 ParOldGen       total 175104K, used 0K [0x00000006c1a00000, 0x00000006cc500000, 0x000000076b380000)
  object space 175104K, 0% used [0x00000006c1a00000,0x00000006c1a00000,0x00000006cc500000)
 Metaspace       used 17069K, capacity 17862K, committed 17920K, reserved 1064960K
  class space    used 2091K, capacity 2297K, committed 2304K, reserved 1048576K
Event: 36.551 GC heap after
Heap after GC invocations=1 (full 0):
 PSYoungGen      total 76288K, used 9951K [0x000000076b380000, 0x0000000770880000, 0x00000007c0000000)
  eden space 65536K, 0% used [0x000000076b380000,0x000000076b380000,0x000000076f380000)
  from space 10752K, 92% used [0x000000076f380000,0x000000076fd37f10,0x000000076fe00000)
  to   space 10752K, 0% used [0x000000076fe00000,0x000000076fe00000,0x0000000770880000)
 ParOldGen       total 175104K, used 88K [0x00000006c1a00000, 0x00000006cc500000, 0x000000076b380000)
  object space 175104K, 0% used [0x00000006c1a00000,0x00000006c1a16010,0x00000006cc500000)
 Metaspace       used 17069K, capacity 17862K, committed 17920K, reserved 1064960K
  class space    used 2091K, capacity 2297K, committed 2304K, reserved 1048576K
}

Deoptimization events (10 events):
Event: 1.806 Thread 0x0000000002475000 Uncommon trap: reason=class_check action=maybe_recompile pc=0x00000000029972d8 method=java.util.regex.Matcher.search(I)Z @ 86
Event: 1.806 Thread 0x0000000002475000 Uncommon trap: reason=class_check action=maybe_recompile pc=0x00000000029424ac method=java.util.regex.Pattern$Curly.match(Ljava/util/regex/Matcher;ILjava/lang/CharSequence;)Z @ 19
Event: 1.806 Thread 0x0000000002475000 Uncommon trap: reason=class_check action=maybe_recompile pc=0x00000000029972d8 method=java.util.regex.Matcher.search(I)Z @ 86
Event: 1.806 Thread 0x0000000002475000 Uncommon trap: reason=class_check action=maybe_recompile pc=0x00000000029972d8 method=java.util.regex.Matcher.search(I)Z @ 86
Event: 1.806 Thread 0x0000000002475000 Uncommon trap: reason=class_check action=maybe_recompile pc=0x00000000029972d8 method=java.util.regex.Matcher.search(I)Z @ 86
Event: 1.806 Thread 0x0000000002475000 Uncommon trap: reason=class_check action=maybe_recompile pc=0x00000000029424ac method=java.util.regex.Pattern$Curly.match(Ljava/util/regex/Matcher;ILjava/lang/CharSequence;)Z @ 19
Event: 1.813 Thread 0x0000000002475000 Uncommon trap: reason=class_check action=maybe_recompile pc=0x00000000029424ac method=java.util.regex.Pattern$Curly.match(Ljava/util/regex/Matcher;ILjava/lang/CharSequence;)Z @ 19
Event: 1.813 Thread 0x0000000002475000 Uncommon trap: reason=class_check action=maybe_recompile pc=0x00000000029424ac method=java.util.regex.Pattern$Curly.match(Ljava/util/regex/Matcher;ILjava/lang/CharSequence;)Z @ 19
Event: 1.862 Thread 0x0000000002475000 Uncommon trap: reason=unstable_if action=reinterpret pc=0x00000000028aebf8 method=java.util.regex.Pattern$BmpCharProperty.match(Ljava/util/regex/Matcher;ILjava/lang/CharSequence;)Z @ 34
Event: 36.526 Thread 0x0000000002475000 Uncommon trap: reason=class_check action=maybe_recompile pc=0x00000000026e8080 method=java.lang.String.equals(Ljava/lang/Object;)Z @ 8

Classes redefined (4 events):
Event: 92.877 Thread 0x000000001bb17800 redefined class name=RoughWork.DateClick, count=1
Event: 205.526 Thread 0x000000001bb17800 redefined class name=RoughWork.DateClick, count=2
Event: 239.069 Thread 0x000000001bb17800 redefined class name=RoughWork.DateClick, count=3
Event: 243.975 Thread 0x000000001bb17800 redefined class name=RoughWork.DateClick, count=4

Internal exceptions (10 events):
Event: 1.711 Thread 0x0000000002475000 Exception <a 'java/lang/ArrayIndexOutOfBoundsException': 110> (0x000000076e3436d8) thrown at [C:\re\workspace\8-2-build-windows-amd64-cygwin\jdk8u201\12322\hotspot\src\share\vm\interpreter\interpreterRuntime.cpp, line 368]
Event: 1.711 Thread 0x0000000002475000 Exception <a 'java/lang/ArrayIndexOutOfBoundsException': 88> (0x000000076e344e00) thrown at [C:\re\workspace\8-2-build-windows-amd64-cygwin\jdk8u201\12322\hotspot\src\share\vm\interpreter\interpreterRuntime.cpp, line 368]
Event: 1.712 Thread 0x0000000002475000 Exception <a 'java/lang/ArrayIndexOutOfBoundsException': 92> (0x000000076e34a6b0) thrown at [C:\re\workspace\8-2-build-windows-amd64-cygwin\jdk8u201\12322\hotspot\src\share\vm\interpreter\interpreterRuntime.cpp, line 368]
Event: 1.712 Thread 0x0000000002475000 Exception <a 'java/lang/ArrayIndexOutOfBoundsException': 57> (0x000000076e34fa40) thrown at [C:\re\workspace\8-2-build-windows-amd64-cygwin\jdk8u201\12322\hotspot\src\share\vm\interpreter\interpreterRuntime.cpp, line 368]
Event: 1.754 Thread 0x0000000002475000 Exception <a 'java/lang/NoSuchMethodError': java.lang.Object.lambda$chars$0()Ljava/util/Spliterator$OfInt;> (0x000000076e54b818) thrown at [C:\re\workspace\8-2-build-windows-amd64-cygwin\jdk8u201\12322\hotspot\src\share\vm\interpreter\linkResolver.cpp, li
Event: 3.453 Thread 0x0000000002475000 Exception <a 'java/lang/NoSuchMethodError': java.lang.Object.lambda$getResponseFunction$0(Lorg/openqa/selenium/remote/InitialHandshakeResponse;)Lorg/openqa/selenium/remote/ProtocolHandshake$Result;> (0x000000076f04c5d8) thrown at [C:\re\workspace\8-2-buil
Event: 3.487 Thread 0x0000000002475000 Exception <a 'java/net/SocketTimeoutException': Read timed out> (0x000000076f16e058) thrown at [C:\re\workspace\8-2-build-windows-amd64-cygwin\jdk8u201\12322\hotspot\src\share\vm\prims\jni.cpp, line 735]
Event: 4.618 Thread 0x0000000002475000 Exception <a 'java/net/SocketTimeoutException': Read timed out> (0x000000076f190d20) thrown at [C:\re\workspace\8-2-build-windows-amd64-cygwin\jdk8u201\12322\hotspot\src\share\vm\prims\jni.cpp, line 735]
Event: 4.626 Thread 0x0000000002475000 Exception <a 'java/net/SocketTimeoutException': Read timed out> (0x000000076f1a6530) thrown at [C:\re\workspace\8-2-build-windows-amd64-cygwin\jdk8u201\12322\hotspot\src\share\vm\prims\jni.cpp, line 735]
Event: 4.629 Thread 0x0000000002475000 Exception <a 'java/net/SocketTimeoutException': Read timed out> (0x000000076f1bbe18) thrown at [C:\re\workspace\8-2-build-windows-amd64-cygwin\jdk8u201\12322\hotspot\src\share\vm\prims\jni.cpp, line 735]

Events (10 events):
Event: 261.552 Executing VM operation: GetOwnedMonitorInfo done
Event: 298.468 Executing VM operation: GetCurrentContendedMonitor
Event: 298.468 Executing VM operation: GetCurrentContendedMonitor done
Event: 298.468 Executing VM operation: GetOwnedMonitorInfo
Event: 298.469 Executing VM operation: GetOwnedMonitorInfo done
Event: 299.229 Executing VM operation: GetOwnedMonitorInfo
Event: 299.229 Executing VM operation: GetOwnedMonitorInfo done
Event: 299.229 Executing VM operation: GetCurrentContendedMonitor
Event: 299.229 Executing VM operation: GetCurrentContendedMonitor done
Event: 299.255 Executing VM operation: GetOrSetLocal


Dynamic libraries:
0x00007ff6fefb0000 - 0x00007ff6fefe7000 	C:\Program Files\Java\jdk1.8.0_201\bin\javaw.exe
0x00007ffeeeff0000 - 0x00007ffeef1d1000 	C:\Windows\SYSTEM32\ntdll.dll
0x00007ffeed630000 - 0x00007ffeed6e1000 	C:\Windows\System32\KERNEL32.DLL
0x00007ffeeb500000 - 0x00007ffeeb773000 	C:\Windows\System32\KERNELBASE.dll
0x00007ffeece80000 - 0x00007ffeecf21000 	C:\Windows\System32\ADVAPI32.dll
0x00007ffeec460000 - 0x00007ffeec4fe000 	C:\Windows\System32\msvcrt.dll
0x00007ffeeee00000 - 0x00007ffeeee5b000 	C:\Windows\System32\sechost.dll
0x00007ffeeee60000 - 0x00007ffeeef84000 	C:\Windows\System32\RPCRT4.dll
0x00007ffeecb60000 - 0x00007ffeeccf0000 	C:\Windows\System32\USER32.dll
0x00007ffeeb4e0000 - 0x00007ffeeb500000 	C:\Windows\System32\win32u.dll
0x00007ffeec680000 - 0x00007ffeec6a8000 	C:\Windows\System32\GDI32.dll
0x00007ffeec0c0000 - 0x00007ffeec252000 	C:\Windows\System32\gdi32full.dll
0x00007ffeeb390000 - 0x00007ffeeb42f000 	C:\Windows\System32\msvcp_win.dll
0x00007ffeeb780000 - 0x00007ffeeb878000 	C:\Windows\System32\ucrtbase.dll
0x00007ffed30f0000 - 0x00007ffed3359000 	C:\Windows\WinSxS\amd64_microsoft.windows.common-controls_6595b64144ccf1df_6.0.17134.706_none_fb43a2cb30647007\COMCTL32.dll
0x00007ffeed300000 - 0x00007ffeed622000 	C:\Windows\System32\combase.dll
0x00007ffeebfe0000 - 0x00007ffeec05a000 	C:\Windows\System32\bcryptPrimitives.dll
0x00007ffeecdf0000 - 0x00007ffeece1d000 	C:\Windows\System32\IMM32.DLL
0x0000000061140000 - 0x0000000061211000 	C:\Program Files\Java\jdk1.8.0_201\jre\bin\msvcr100.dll
0x000000005fe90000 - 0x0000000060734000 	C:\Program Files\Java\jdk1.8.0_201\jre\bin\server\jvm.dll
0x00007ffeed2f0000 - 0x00007ffeed2f8000 	C:\Windows\System32\PSAPI.DLL
0x00007ffee9430000 - 0x00007ffee9453000 	C:\Windows\SYSTEM32\WINMM.dll
0x00007ffedeb90000 - 0x00007ffedeb9a000 	C:\Windows\SYSTEM32\VERSION.dll
0x00007ffee2060000 - 0x00007ffee2069000 	C:\Windows\SYSTEM32\WSOCK32.dll
0x00007ffee9400000 - 0x00007ffee942a000 	C:\Windows\SYSTEM32\winmmbase.dll
0x00007ffeecf30000 - 0x00007ffeecf9c000 	C:\Windows\System32\WS2_32.dll
0x00007ffeeb880000 - 0x00007ffeeb8c9000 	C:\Windows\System32\cfgmgr32.dll
0x00007ffee0e70000 - 0x00007ffee0e7f000 	C:\Program Files\Java\jdk1.8.0_201\jre\bin\verify.dll
0x00007ffed3a30000 - 0x00007ffed3a59000 	C:\Program Files\Java\jdk1.8.0_201\jre\bin\java.dll
0x00007ffed3930000 - 0x00007ffed3965000 	C:\Program Files\Java\jdk1.8.0_201\jre\bin\jdwp.dll
0x00007ffedd870000 - 0x00007ffedd878000 	C:\Program Files\Java\jdk1.8.0_201\jre\bin\npt.dll
0x00007ffed3a10000 - 0x00007ffed3a26000 	C:\Program Files\Java\jdk1.8.0_201\jre\bin\zip.dll
0x00007ffeed820000 - 0x00007ffeeec60000 	C:\Windows\System32\SHELL32.dll
0x00007ffeed770000 - 0x00007ffeed819000 	C:\Windows\System32\shcore.dll
0x00007ffeeb8d0000 - 0x00007ffeebfdd000 	C:\Windows\System32\windows.storage.dll
0x00007ffeecb00000 - 0x00007ffeecb51000 	C:\Windows\System32\shlwapi.dll
0x00007ffeeb370000 - 0x00007ffeeb381000 	C:\Windows\System32\kernel.appcore.dll
0x00007ffeeb2e0000 - 0x00007ffeeb2ff000 	C:\Windows\System32\profapi.dll
0x00007ffeeb300000 - 0x00007ffeeb34c000 	C:\Windows\System32\powrprof.dll
0x00007ffeeb2d0000 - 0x00007ffeeb2da000 	C:\Windows\System32\FLTLIB.DLL
0x00007ffedcb00000 - 0x00007ffedcb09000 	C:\Program Files\Java\jdk1.8.0_201\jre\bin\dt_socket.dll
0x00007ffee0fc0000 - 0x00007ffee0fd6000 	C:\Windows\system32\napinsp.dll
0x00007ffee1050000 - 0x00007ffee106a000 	C:\Windows\system32\pnrpnsp.dll
0x00007ffee2010000 - 0x00007ffee2029000 	C:\Windows\system32\NLAapi.dll
0x00007ffeeaaf0000 - 0x00007ffeeab56000 	C:\Windows\System32\mswsock.dll
0x00007ffeea8b0000 - 0x00007ffeea96e000 	C:\Windows\SYSTEM32\DNSAPI.dll
0x00007ffeed120000 - 0x00007ffeed128000 	C:\Windows\System32\NSI.dll
0x00007ffeea870000 - 0x00007ffeea8a8000 	C:\Windows\SYSTEM32\IPHLPAPI.DLL
0x00007ffee13a0000 - 0x00007ffee13ae000 	C:\Windows\System32\winrnr.dll
0x00007ffee2200000 - 0x00007ffee2272000 	C:\Windows\System32\fwpuclnt.dll
0x00007ffeeae30000 - 0x00007ffeeae55000 	C:\Windows\SYSTEM32\bcrypt.dll
0x00007ffedef50000 - 0x00007ffedef5a000 	C:\Windows\System32\rasadhlp.dll
0x00007ffed3910000 - 0x00007ffed392a000 	C:\Program Files\Java\jdk1.8.0_201\jre\bin\net.dll
0x00007ffee7980000 - 0x00007ffee7b48000 	C:\Windows\SYSTEM32\urlmon.dll
0x00007ffee76d0000 - 0x00007ffee7976000 	C:\Windows\SYSTEM32\iertutil.dll
0x00007ffeeaca0000 - 0x00007ffeeacab000 	C:\Windows\SYSTEM32\CRYPTBASE.DLL
0x00007ffeeacb0000 - 0x00007ffeeacc7000 	C:\Windows\SYSTEM32\CRYPTSP.dll
0x00007ffeea6d0000 - 0x00007ffeea703000 	C:\Windows\system32\rsaenh.dll
0x00007ffeeb1d0000 - 0x00007ffeeb1f8000 	C:\Windows\SYSTEM32\USERENV.dll
0x00007ffee1ce0000 - 0x00007ffee1cf6000 	C:\Windows\SYSTEM32\dhcpcsvc6.DLL
0x00007ffee1cc0000 - 0x00007ffee1cda000 	C:\Windows\SYSTEM32\dhcpcsvc.DLL
0x00007ffed1c00000 - 0x00007ffed1c11000 	C:\Program Files\Java\jdk1.8.0_201\jre\bin\nio.dll
0x00007ffed0ba0000 - 0x00007ffed0bc4000 	C:\Program Files\Java\jdk1.8.0_201\jre\bin\sunec.dll
0x00007ffedc320000 - 0x00007ffedc32b000 	C:\Program Files\Java\jdk1.8.0_201\jre\bin\sunmscapi.dll
0x00007ffeec260000 - 0x00007ffeec442000 	C:\Windows\System32\CRYPT32.dll
0x00007ffeeb350000 - 0x00007ffeeb362000 	C:\Windows\System32\MSASN1.dll
0x00007ffee11b0000 - 0x00007ffee1379000 	C:\Windows\SYSTEM32\dbghelp.dll

VM Arguments:
jvm_args: -agentlib:jdwp=transport=dt_socket,suspend=y,address=localhost:61745 -ea -Dfile.encoding=Cp1252 -Xbootclasspath:C:\Program Files\Java\jdk1.8.0_201\jre\lib\resources.jar;C:\Program Files\Java\jdk1.8.0_201\jre\lib\rt.jar;C:\Program Files\Java\jdk1.8.0_201\jre\lib\jsse.jar;C:\Program Files\Java\jdk1.8.0_201\jre\lib\jce.jar;C:\Program Files\Java\jdk1.8.0_201\jre\lib\charsets.jar;C:\Program Files\Java\jdk1.8.0_201\jre\lib\jfr.jar;C:\Program Files\Java\jdk1.8.0_201\lib\tools.jar 
java_command: org.testng.remote.RemoteTestNG -serport 61744 -protocol json -d C:\Users\dheeraj.singh\eclipse-workspace\JavaFrameWork\test-output C:\Users\DHEERA~1.SIN\AppData\Local\Temp\testng-eclipse-399607152\testng-customsuite.xml
java_class_path (initial): C:\Users\dheeraj.singh\Downloads\eclipse-jee-2018-12-R-win32-x86_64\eclipse\configuration\org.eclipse.osgi\956\0\.cp\lib\testng-remote.jar;C:\Users\dheeraj.singh\eclipse-workspace\JavaFrameWork\target\test-classes;C:\Users\dheeraj.singh\eclipse-workspace\JavaFrameWork\target\classes;C:\Users\dheeraj.singh\.m2\repository\org\seleniumhq\selenium\selenium-java\3.141.0\selenium-java-3.141.0.jar;C:\Users\dheeraj.singh\.m2\repository\org\seleniumhq\selenium\selenium-api\3.141.0\selenium-api-3.141.0.jar;C:\Users\dheeraj.singh\.m2\repository\org\seleniumhq\selenium\selenium-edge-driver\3.141.0\selenium-edge-driver-3.141.0.jar;C:\Users\dheeraj.singh\.m2\repository\org\seleniumhq\selenium\selenium-opera-driver\3.141.0\selenium-opera-driver-3.141.0.jar;C:\Users\dheeraj.singh\.m2\repository\org\seleniumhq\selenium\selenium-remote-driver\3.141.0\selenium-remote-driver-3.141.0.jar;C:\Users\dheeraj.singh\.m2\repository\org\seleniumhq\selenium\selenium-safari-driver\3.141.0\selenium-safari-driver-3.141.0.jar;C:\Users\dheeraj.singh\.m2\repository\net\bytebuddy\byte-buddy\1.8.15\byte-buddy-1.8.15.jar;C:\Users\dheeraj.singh\.m2\repository\org\apache\commons\commons-exec\1.3\commons-exec-1.3.jar;C:\Users\dheeraj.singh\.m2\repository\com\google\guava\guava\25.0-jre\guava-25.0-jre.jar;C:\Users\dheeraj.singh\.m2\repository\com\google\code\findbugs\jsr305\1.3.9\jsr305-1.3.9.jar;C:\Users\dheeraj.singh\.m2\repository\org\checkerframework\checker-compat-qual\2.0.0\checker-compat-qual-2.0.0.jar;C:\Users\dheeraj.singh\.m2\repository\com\google\errorprone\error_prone_annotations\2.1.3\error_prone_annotations-2.1.3.jar;C:\Users\dheeraj.singh\.m2\repository\com\google\j2objc\j2objc-annotations\1.1\j2objc-annotations-1.1.jar;C:\Users\dheeraj.singh\.m2\repository\org\codehaus\mojo\animal-sniffer-annotations\1.14\animal-sniffer-annotations-1.14.jar;C:\Users\dheeraj.singh\.m2\repository\com\squareup\okhttp3\okhttp\3.11.0\okhttp-3.11.0.jar;C:\Users\dheeraj.singh\.m2\reposit
Launcher Type: SUN_STANDARD

Environment Variables:
PATH=C:\Program Files\Java\jdk1.8.0_201\jre\bin;C:/Program Files/Java/jre1.8.0_201/bin/server;C:/Program Files/Java/jre1.8.0_201/bin;C:/Program Files/Java/jre1.8.0_201/lib/amd64;C:\Program Files (x86)\Common Files\Oracle\Java\javapath;C:\Windows\system32;C:\Windows;C:\Windows\System32\Wbem;C:\Windows\System32\WindowsPowerShell\v1.0\;C:\Windows\System32\OpenSSH\;C:\Program Files\TortoiseSVN\bin;C:\Program Files\dotnet\;C:\Program Files\Microsoft SQL Server\130\Tools\Binn\;E:\Selenium jars\apache-maven-3.6.0\bin;C:\Program Files\nodejs\;C:\Program Files\Java\jdk1.8.0_201\bin;C:\Users\dheeraj.singh\AppData\Local\Programs\Git\cmd;C:\Users\dheeraj.singh\.dotnet\tools;C:\Users\dheeraj.singh\AppData\Roaming\npm;C:\Users\dheeraj.singh\Downloads\eclipse-jee-2018-12-R-win32-x86_64\eclipse;
USERNAME=dheeraj.singh
OS=Windows_NT
PROCESSOR_IDENTIFIER=Intel64 Family 6 Model 158 Stepping 9, GenuineIntel



---------------  S Y S T E M  ---------------

OS: Windows 10.0 , 64 bit Build 17134 (10.0.17134.706)

CPU:total 4 (initial active 4) (4 cores per cpu, 1 threads per core) family 6 model 158 stepping 9, cmov, cx8, fxsr, mmx, sse, sse2, sse3, ssse3, sse4.1, sse4.2, popcnt, avx, avx2, aes, clmul, erms, rtm, 3dnowpref, lzcnt, tsc, tscinvbit, bmi1, bmi2, adx

Memory: 4k page, physical 16670584k(8031156k free), swap 23550452k(8202588k free)

vm_info: Java HotSpot(TM) 64-Bit Server VM (25.201-b09) for windows-amd64 JRE (1.8.0_201-b09), built on Dec 15 2018 18:36:39 by "java_re" with MS VC++ 10.0 (VS2010)

time: Wed May 08 16:00:11 2019
timezone: India Standard Time
elapsed time: 299 seconds (0d 0h 4m 59s)

